<?xml version="1.0" encoding="UTF-8"?>
<!-- Generated by org.testng.reporters.JUnitReportReporter -->
<testsuite hostname="RAMAN" failures="0" tests="12" name="com.automationpractice.tests.HomeBannersTest" time="301.381" errors="0" timestamp="2025-09-14T14:38:13 IST" skipped="0">
  <testcase classname="com.automationpractice.tests.HomeBannersTest" name="testClickBanner" time="27.331"/>
  <testcase classname="com.automationpractice.tests.HomeBannersTest" name="testBannersDisplayed" time="23.438"/>
  <testcase classname="com.automationpractice.tests.HomeBannersTest" name="testBannerDetails" time="26.586"/>
  <testcase classname="com.automationpractice.tests.HomeBannersTest" name="testClickBanner" time="56.493"/>
  <testcase classname="com.automationpractice.tests.HomeBannersTest" name="testBannerDetails" time="22.665"/>
  <testcase classname="com.automationpractice.tests.HomeBannersTest" name="testBannerCount" time="16.764"/>
  <testcase classname="com.automationpractice.tests.HomeBannersTest" name="testBannersDisplayed" time="21.838"/>
  <testcase classname="com.automationpractice.tests.HomeBannersTest" name="testBannerCount" time="20.551"/>
  <testcase classname="com.automationpractice.tests.HomeBannersTest" name="testBannerDetails" time="16.502"/>
  <testcase classname="com.automationpractice.tests.HomeBannersTest" name="testClickBanner" time="15.923"/>
  <testcase classname="com.automationpractice.tests.HomeBannersTest" name="testBannerCount" time="28.993"/>
  <testcase classname="com.automationpractice.tests.HomeBannersTest" name="testBannersDisplayed" time="24.297"/>
</testsuite> <!-- com.automationpractice.tests.HomeBannersTest -->
