<?xml version="1.0" encoding="UTF-8"?>
<!-- Generated by org.testng.reporters.JUnitReportReporter -->
<testsuite hostname="RAMAN" failures="0" tests="3" name="com.automationpractice.tests.HomepageTest" time="153.377" errors="0" timestamp="2025-09-14T14:38:13 IST" skipped="0">
  <testcase classname="com.automationpractice.tests.HomepageTest" name="testHomePageTitle" time="56.003"/>
  <testcase classname="com.automationpractice.tests.HomepageTest" name="testHomePageTitle" time="48.662"/>
  <testcase classname="com.automationpractice.tests.HomepageTest" name="testHomePageTitle" time="48.712"/>
</testsuite> <!-- com.automationpractice.tests.HomepageTest -->
