<?xml version="1.0" encoding="UTF-8"?>
<!-- Generated by org.testng.reporters.JUnitReportReporter -->
<testsuite hostname="Janmejay" failures="0" tests="3" name="com.automationpractice.tests.LoginTest" time="44.077" errors="0" timestamp="2025-08-26T17:38:01 IST" skipped="0">
  <testcase classname="com.automationpractice.tests.LoginTest" name="loginTest" time="11.652"/>
  <testcase classname="com.automationpractice.tests.LoginTest" name="loginTest" time="16.064"/>
  <testcase classname="com.automationpractice.tests.LoginTest" name="loginTest" time="16.361"/>
</testsuite> <!-- com.automationpractice.tests.LoginTest -->
