<?xml version="1.0" encoding="UTF-8"?>
<!-- Generated by org.testng.reporters.JUnitReportReporter -->
<testsuite hostname="Janmejay" failures="0" tests="3" name="com.automationpractice.tests.HomepageTest" time="40.421" errors="0" timestamp="2025-08-26T17:38:01 IST" skipped="0">
  <testcase classname="com.automationpractice.tests.HomepageTest" name="testHomePageTitle" time="11.557"/>
  <testcase classname="com.automationpractice.tests.HomepageTest" name="testHomePageTitle" time="11.362"/>
  <testcase classname="com.automationpractice.tests.HomepageTest" name="testHomePageTitle" time="17.502"/>
</testsuite> <!-- com.automationpractice.tests.HomepageTest -->
