<?xml version="1.0" encoding="UTF-8"?>
<!-- Generated by org.testng.reporters.JUnitReportReporter -->
<testsuite hostname="RAMAN" failures="0" tests="3" name="com.automationpractice.tests.SearchTest" time="72.107" errors="0" timestamp="2025-09-14T14:38:13 IST" skipped="0">
  <testcase classname="com.automationpractice.tests.SearchTest" name="searchBarTest" time="25.932"/>
  <testcase classname="com.automationpractice.tests.SearchTest" name="searchBarTest" time="23.345"/>
  <testcase classname="com.automationpractice.tests.SearchTest" name="searchBarTest" time="22.830"/>
</testsuite> <!-- com.automationpractice.tests.SearchTest -->
