<?xml version="1.0" encoding="UTF-8"?>
<!-- Generated by org.testng.reporters.JUnitReportReporter -->
<testsuite hostname="Janmejay" failures="0" tests="3" name="com.automationpractice.tests.CreateAccountTest" time="51.790" errors="0" timestamp="2025-08-26T18:43:31 IST" skipped="0">
  <testcase classname="com.automationpractice.tests.CreateAccountTest" name="createAccountTest" time="20.468"/>
  <testcase classname="com.automationpractice.tests.CreateAccountTest" name="createAccountTest" time="16.014"/>
  <testcase classname="com.automationpractice.tests.CreateAccountTest" name="createAccountTest" time="15.308"/>
</testsuite> <!-- com.automationpractice.tests.CreateAccountTest -->
