<?xml version="1.0" encoding="UTF-8"?>
<!-- Generated by org.testng.reporters.JUnitReportReporter -->
<testsuite hostname="Janmejay" failures="0" tests="3" name="com.automationpractice.tests.CreateAccountTest" time="54.846" errors="0" timestamp="2025-08-27T13:40:03 IST" skipped="0">
  <testcase classname="com.automationpractice.tests.CreateAccountTest" name="createAccountTest" time="24.727"/>
  <testcase classname="com.automationpractice.tests.CreateAccountTest" name="createAccountTest" time="17.406"/>
  <testcase classname="com.automationpractice.tests.CreateAccountTest" name="createAccountTest" time="12.713"/>
</testsuite> <!-- com.automationpractice.tests.CreateAccountTest -->
