<?xml version="1.0" encoding="UTF-8"?>
<!-- Generated by org.testng.reporters.JUnitReportReporter -->
<testsuite hostname="Janmejay" failures="0" tests="12" name="com.automationpractice.tests.HomeBannersTest" time="229.186" errors="0" timestamp="2025-08-27T13:40:03 IST" skipped="0">
  <testcase classname="com.automationpractice.tests.HomeBannersTest" name="testClickBanner" time="26.925"/>
  <testcase classname="com.automationpractice.tests.HomeBannersTest" name="testBannerDetails" time="14.076"/>
  <testcase classname="com.automationpractice.tests.HomeBannersTest" name="testBannersDisplayed" time="15.377"/>
  <testcase classname="com.automationpractice.tests.HomeBannersTest" name="testClickBanner" time="35.948"/>
  <testcase classname="com.automationpractice.tests.HomeBannersTest" name="testBannersDisplayed" time="22.913"/>
  <testcase classname="com.automationpractice.tests.HomeBannersTest" name="testBannerDetails" time="19.092"/>
  <testcase classname="com.automationpractice.tests.HomeBannersTest" name="testBannerCount" time="19.345"/>
  <testcase classname="com.automationpractice.tests.HomeBannersTest" name="testBannerDetails" time="16.593"/>
  <testcase classname="com.automationpractice.tests.HomeBannersTest" name="testBannerCount" time="7.976"/>
  <testcase classname="com.automationpractice.tests.HomeBannersTest" name="testClickBanner" time="23.587"/>
  <testcase classname="com.automationpractice.tests.HomeBannersTest" name="testBannerCount" time="15.715"/>
  <testcase classname="com.automationpractice.tests.HomeBannersTest" name="testBannersDisplayed" time="11.639"/>
</testsuite> <!-- com.automationpractice.tests.HomeBannersTest -->
