<?xml version="1.0" encoding="UTF-8"?>
<!-- Generated by org.testng.reporters.JUnitReportReporter -->
<testsuite hostname="Janmejay" failures="0" tests="3" name="com.automationpractice.tests.HomepageTest" time="41.619" errors="0" timestamp="2025-08-27T13:40:03 IST" skipped="0">
  <testcase classname="com.automationpractice.tests.HomepageTest" name="testHomePageTitle" time="17.738"/>
  <testcase classname="com.automationpractice.tests.HomepageTest" name="testHomePageTitle" time="11.997"/>
  <testcase classname="com.automationpractice.tests.HomepageTest" name="testHomePageTitle" time="11.884"/>
</testsuite> <!-- com.automationpractice.tests.HomepageTest -->
