<?xml version="1.0" encoding="UTF-8"?>
<!-- Generated by org.testng.reporters.JUnitReportReporter -->
<testsuite hostname="Janmejay" failures="0" tests="3" name="com.automationpractice.tests.CreateAccountTest" time="36.809" errors="0" timestamp="2025-08-26T17:38:01 IST" skipped="0">
  <testcase classname="com.automationpractice.tests.CreateAccountTest" name="createAccountTest" time="9.955"/>
  <testcase classname="com.automationpractice.tests.CreateAccountTest" name="createAccountTest" time="13.160"/>
  <testcase classname="com.automationpractice.tests.CreateAccountTest" name="createAccountTest" time="13.694"/>
</testsuite> <!-- com.automationpractice.tests.CreateAccountTest -->
