<?xml version="1.0" encoding="UTF-8"?>
<!-- Generated by org.testng.reporters.JUnitReportReporter -->
<testsuite hostname="RAMAN" failures="0" tests="3" name="com.automationpractice.tests.LoginTest" time="102.128" errors="0" timestamp="2025-09-14T14:38:13 IST" skipped="0">
  <testcase classname="com.automationpractice.tests.LoginTest" name="loginTest" time="40.044"/>
  <testcase classname="com.automationpractice.tests.LoginTest" name="loginTest" time="24.876"/>
  <testcase classname="com.automationpractice.tests.LoginTest" name="loginTest" time="37.208"/>
</testsuite> <!-- com.automationpractice.tests.LoginTest -->
