<?xml version="1.0" encoding="UTF-8"?>
<!-- Generated by org.testng.reporters.JUnitReportReporter -->
<testsuite hostname="RAMAN" failures="0" tests="3" name="com.automationpractice.tests.CreateAccountTest" time="67.214" errors="0" timestamp="2025-09-14T14:38:13 IST" skipped="0">
  <testcase classname="com.automationpractice.tests.CreateAccountTest" name="createAccountTest" time="32.327"/>
  <testcase classname="com.automationpractice.tests.CreateAccountTest" name="createAccountTest" time="13.241"/>
  <testcase classname="com.automationpractice.tests.CreateAccountTest" name="createAccountTest" time="21.646"/>
</testsuite> <!-- com.automationpractice.tests.CreateAccountTest -->
