<?xml version="1.0" encoding="UTF-8"?>
<!-- Generated by org.testng.reporters.JUnitReportReporter -->
<testsuite hostname="Janmejay" failures="0" tests="3" name="com.automationpractice.tests.LoginTest" time="40.698" errors="0" timestamp="2025-08-27T13:40:03 IST" skipped="0">
  <testcase classname="com.automationpractice.tests.LoginTest" name="loginTest" time="16.461"/>
  <testcase classname="com.automationpractice.tests.LoginTest" name="loginTest" time="11.454"/>
  <testcase classname="com.automationpractice.tests.LoginTest" name="loginTest" time="12.783"/>
</testsuite> <!-- com.automationpractice.tests.LoginTest -->
