<?xml version="1.0" encoding="UTF-8"?>
<!-- Generated by org.testng.reporters.JUnitReportReporter -->
<testsuite hostname="Janmejay" failures="0" tests="3" name="com.automationpractice.tests.HomepageTest" time="48.204" errors="0" timestamp="2025-08-26T18:43:31 IST" skipped="0">
  <testcase classname="com.automationpractice.tests.HomepageTest" name="testHomePageTitle" time="13.551"/>
  <testcase classname="com.automationpractice.tests.HomepageTest" name="testHomePageTitle" time="13.782"/>
  <testcase classname="com.automationpractice.tests.HomepageTest" name="testHomePageTitle" time="20.871"/>
</testsuite> <!-- com.automationpractice.tests.HomepageTest -->
