<?xml version="1.0" encoding="UTF-8"?>
<!-- Generated by org.testng.reporters.JUnitReportReporter -->
<testsuite hostname="Janmejay" failures="0" tests="3" name="com.automationpractice.tests.HomepageTest" time="64.284" errors="0" timestamp="2025-08-26T15:40:38 IST" skipped="0">
  <testcase classname="com.automationpractice.tests.HomepageTest" name="testHomePageTitle" time="18.127"/>
  <testcase classname="com.automationpractice.tests.HomepageTest" name="testHomePageTitle" time="18.608"/>
  <testcase classname="com.automationpractice.tests.HomepageTest" name="testHomePageTitle" time="27.549"/>
</testsuite> <!-- com.automationpractice.tests.HomepageTest -->
