<?xml version="1.0" encoding="UTF-8"?>
<!-- Generated by org.testng.reporters.JUnitReportReporter -->
<testsuite hostname="Janmejay" failures="0" tests="3" name="com.automationpractice.tests.SearchTest" time="49.761" errors="0" timestamp="2025-08-26T17:38:01 IST" skipped="0">
  <testcase classname="com.automationpractice.tests.SearchTest" name="searchBarTest" time="18.762"/>
  <testcase classname="com.automationpractice.tests.SearchTest" name="searchBarTest" time="16.954"/>
  <testcase classname="com.automationpractice.tests.SearchTest" name="searchBarTest" time="14.045"/>
</testsuite> <!-- com.automationpractice.tests.SearchTest -->
