<?xml version="1.0" encoding="UTF-8"?>
<!-- Generated by org.testng.reporters.JUnitReportReporter -->
<testsuite hostname="Janmejay" failures="0" tests="3" name="com.automationpractice.tests.SearchTest" time="39.292" errors="0" timestamp="2025-08-27T13:40:03 IST" skipped="0">
  <testcase classname="com.automationpractice.tests.SearchTest" name="searchBarTest" time="12.782"/>
  <testcase classname="com.automationpractice.tests.SearchTest" name="searchBarTest" time="13.180"/>
  <testcase classname="com.automationpractice.tests.SearchTest" name="searchBarTest" time="13.330"/>
</testsuite> <!-- com.automationpractice.tests.SearchTest -->
