<?xml version="1.0" encoding="UTF-8"?>
<!-- Generated by org.testng.reporters.JUnitReportReporter -->
<testsuite hostname="BHUMI" failures="0" tests="1" name="com.automationpractice.tests.HomepageTest" time="13.268" errors="0" timestamp="2025-09-13T15:05:26 IST" skipped="0">
  <testcase classname="com.automationpractice.tests.HomepageTest" name="testHomePageTitle" time="13.268"/>
</testsuite> <!-- com.automationpractice.tests.HomepageTest -->
