<?xml version="1.0" encoding="UTF-8"?>
<!-- Generated by org.testng.reporters.JUnitReportReporter -->
<testsuite hostname="BHUMI" failures="0" tests="1" name="com.automationpractice.tests.LoginTest" time="13.113" errors="0" timestamp="2025-09-13T15:05:26 IST" skipped="0">
  <testcase classname="com.automationpractice.tests.LoginTest" name="loginTest" time="13.113"/>
</testsuite> <!-- com.automationpractice.tests.LoginTest -->
